<?xml version="1.0" encoding="UTF-8"?>
<!-- Generated by org.testng.reporters.JUnitReportReporter -->
<testsuite hostname="LAPTOP-SGJDQTGR" name="testCases.Test2" tests="1" failures="0" timestamp="15 Dec 2018 05:15:35 GMT" time="8.297" errors="0">
  <testcase name="facebookTest" time="8.297" classname="testCases.Test2"/>
</testsuite> <!-- testCases.Test2 -->
