<?xml version="1.0" encoding="UTF-8"?>
<!-- Generated by org.testng.reporters.JUnitReportReporter -->
<testsuite hostname="LAPTOP-SGJDQTGR" name="testCases.Test1" tests="2" failures="0" timestamp="15 Dec 2018 05:15:35 GMT" time="0.001" errors="0">
  <testcase name="case2Test" time="0.001" classname="testCases.Test1"/>
  <testcase name="caseTest" time="0.000" classname="testCases.Test1"/>
</testsuite> <!-- testCases.Test1 -->
