<?xml version="1.0" encoding="UTF-8"?>
<!-- Generated by org.testng.reporters.JUnitReportReporter -->
<testsuite hostname="LAPTOP-SGJDQTGR" name="selenium.Testing1" tests="4" failures="0" timestamp="9 Dec 2018 23:10:24 GMT" time="0.003" errors="0">
  <testcase name="test1" time="0.001" classname="selenium.Testing1"/>
  <testcase name="test2" time="0.001" classname="selenium.Testing1"/>
  <testcase name="f" time="0.000" classname="selenium.Testing1"/>
  <testcase name="f" time="0.001" classname="selenium.Testing1"/>
</testsuite> <!-- selenium.Testing1 -->
