<?xml version="1.0" encoding="UTF-8"?>
<!-- Generated by org.testng.reporters.JUnitReportReporter -->
<testsuite skipped="0" hostname="LAPTOP-SGJDQTGR" name="naveenTestNG.ExpectedExceptions" tests="1" failures="0" timestamp="30 Nov 2018 20:42:02 GMT" time="0.012" errors="0">
  <testcase name="exceptionsTest" time="0.012" classname="naveenTestNG.ExpectedExceptions"/>
</testsuite> <!-- naveenTestNG.ExpectedExceptions -->
