<?xml version="1.0" encoding="UTF-8"?>
<!-- Generated by org.testng.reporters.JUnitReportReporter -->
<testsuite skipped="1" hostname="LAPTOP-SGJDQTGR" name="Test1" tests="2" failures="0" timestamp="04 Dec 2018 22:55:52 GMT" time="0.009" errors="0">
  <testcase name="testLogin" time="0.006" classname="Test1"/>
  <testcase name="formFill" time="0.003" classname="Test1">
    <skipped/>
  </testcase> <!-- formFill -->
</testsuite> <!-- Test1 -->
