<?xml version="1.0" encoding="UTF-8"?>
<!-- Generated by org.testng.reporters.JUnitReportReporter -->
<testsuite skipped="0" hostname="LAPTOP-SGJDQTGR" name="ParametersTest" tests="2" failures="0" timestamp="04 Dec 2018 22:23:41 GMT" time="0.015" errors="0">
  <testcase name="parametersTest" time="0.012" classname="ParametersTest"/>
  <testcase name="parametersTest" time="0.003" classname="ParametersTest"/>
</testsuite> <!-- ParametersTest -->
