<?xml version="1.0" encoding="UTF-8"?>
<!-- Generated by org.testng.reporters.JUnitReportReporter -->
<testsuite skipped="0" hostname="LAPTOP-SGJDQTGR" name="naveenTestNG.Basics" tests="2" failures="0" timestamp="14 Dec 2018 21:18:00 GMT" time="0.004" errors="0">
  <testcase name="caseTest" time="0.002" classname="naveenTestNG.Basics"/>
  <testcase name="case2Test" time="0.002" classname="naveenTestNG.Basics"/>
</testsuite> <!-- naveenTestNG.Basics -->
