<?xml version="1.0" encoding="UTF-8"?>
<!-- Generated by org.testng.reporters.JUnitReportReporter -->
<testsuite skipped="0" hostname="LAPTOP-SGJDQTGR" name="naveenTestNG.SeleniumTestNG" tests="1" failures="0" timestamp="14 Dec 2018 21:18:00 GMT" time="8.892" errors="0">
  <testcase name="gmailTest" time="8.892" classname="naveenTestNG.SeleniumTestNG"/>
</testsuite> <!-- naveenTestNG.SeleniumTestNG -->
