<?xml version="1.0" encoding="UTF-8"?>
<!-- Generated by org.testng.reporters.JUnitReportReporter -->
<testsuite skipped="0" hostname="LAPTOP-SGJDQTGR" name="tests.LoginTestExcel" tests="2" failures="0" timestamp="23 Dec 2018 21:05:06 GMT" time="41.896" errors="0">
  <testcase name="loginWithIncorrectEmail" time="20.563" classname="tests.LoginTestExcel"/>
  <testcase name="loginWithIncorrectPassword" time="21.333" classname="tests.LoginTestExcel"/>
</testsuite> <!-- tests.LoginTestExcel -->
