<?xml version="1.0" encoding="UTF-8"?>
<!-- Generated by org.testng.reporters.JUnitReportReporter -->
<testsuite skipped="0" hostname="LAPTOP-SGJDQTGR" name="tests.LoginTest" tests="2" failures="0" timestamp="22 Dec 2018 22:09:03 GMT" time="32.231" errors="0">
  <testcase name="loginWithIncorrectEmail" time="16.038" classname="tests.LoginTest"/>
  <testcase name="loginWithIncorrectPassword" time="16.193" classname="tests.LoginTest"/>
</testsuite> <!-- tests.LoginTest -->
