<?xml version="1.0" encoding="UTF-8"?>
<!-- Generated by org.testng.reporters.JUnitReportReporter -->
<testsuite skipped="0" hostname="LAPTOP-SGJDQTGR" name="tests.LoginTestAfterPageFactory" tests="2" failures="0" timestamp="23 Dec 2018 22:00:32 GMT" time="16.008" errors="0">
  <testcase name="loginWithIncorrectPassword" time="8.307" classname="tests.LoginTestAfterPageFactory"/>
  <testcase name="loginWithIncorrectEmail" time="7.701" classname="tests.LoginTestAfterPageFactory"/>
</testsuite> <!-- tests.LoginTestAfterPageFactory -->
