<?xml version="1.0" encoding="UTF-8"?>
<!-- Generated by org.testng.reporters.JUnitReportReporter -->
<testsuite skipped="0" hostname="LAPTOP-SGJDQTGR" name="com.testing.AppTest" tests="1" failures="0" timestamp="15 Dec 2018 21:55:18 GMT" time="0.015" errors="0">
  <testcase name="shouldAnswerWithTrue" time="0.015" classname="com.testing.AppTest"/>
</testsuite> <!-- com.testing.AppTest -->
