<?xml version="1.0" encoding="UTF-8"?>
<!-- Generated by org.testng.reporters.JUnitReportReporter -->
<testsuite skipped="0" hostname="LAPTOP-SGJDQTGR" name="com.testing.Testing1" tests="4" failures="0" timestamp="15 Dec 2018 21:55:17 GMT" time="0.008" errors="0">
  <testcase name="f" time="0.003" classname="com.testing.Testing1"/>
  <testcase name="f" time="0.001" classname="com.testing.Testing1"/>
  <testcase name="test1" time="0.002" classname="com.testing.Testing1"/>
  <testcase name="test2" time="0.002" classname="com.testing.Testing1"/>
</testsuite> <!-- com.testing.Testing1 -->
