<?xml version="1.0" encoding="UTF-8"?>
<!-- Generated by org.testng.reporters.JUnitReportReporter -->
<testsuite skipped="0" hostname="LAPTOP-SGJDQTGR" name="Extent.HWMavenExtent.Testing1" tests="4" failures="0" timestamp="16 Dec 2018 02:40:38 GMT" time="0.012" errors="0">
  <testcase name="f" time="0.001" classname="Extent.HWMavenExtent.Testing1"/>
  <testcase name="f" time="0.007" classname="Extent.HWMavenExtent.Testing1"/>
  <testcase name="test2" time="0.001" classname="Extent.HWMavenExtent.Testing1"/>
  <testcase name="test1" time="0.003" classname="Extent.HWMavenExtent.Testing1"/>
</testsuite> <!-- Extent.HWMavenExtent.Testing1 -->
